<?xml version="1.0" encoding="UTF-8"?>
<testsuite xmlns:xsi="http://www.w3.org/2001/XMLSchema-instance" xsi:noNamespaceSchemaLocation="https://maven.apache.org/surefire/maven-surefire-plugin/xsd/surefire-test-report-3.0.xsd" version="3.0" name="Login" time="54.102" tests="6" errors="0" skipped="0" failures="0">
  <properties>
[...]
</properties>
  <testcase name="User names test for user Elenor Kreiger" classname="Login" time="9.527"/>
  <testcase name="User names test for user Meggie Macejkovic" classname="Login" time="8.788"/>
  <testcase name="User names test for user Lorine Johns" classname="Login" time="8.87"/>
  <testcase name="User names test for user Albin Lemke" classname="Login" time="8.905"/>
  <testcase name="User names test for user Deion Fadel" classname="Login" time="9.078"/>
  <testcase name="User names test for user Matteo Hegmann" classname="Login" time="8.934"/>
</testsuite>